        0.00       100.00000         5.00000         0.00000         0.00000         0.00000
        0.50        98.80952         5.67798         0.00000         0.50000         0.01250
        1.00        97.47356         6.43195         0.00000         1.06780         0.02669
        1.50        95.98045         7.26578         0.00000         1.71099         0.04277
        2.00        94.31937         8.18212         0.00000         2.43757         0.06094
        2.50        92.48084         9.18198         0.00000         3.25578         0.08139
        3.00        90.45747        10.26420         0.00000         4.17398         0.10435
        3.50        88.24462        11.42497         0.00000         5.20040         0.13001
        4.00        85.84118        12.65735         0.00000         6.34290         0.15857
        4.50        83.25032        13.95084         0.00000         7.60863         0.19022
        5.00        80.48003        15.29116         0.00000         9.00372         0.22509
        5.50        77.54366        16.66019         0.00000        10.53283         0.26332
        6.00        74.45999        18.03619         0.00000        12.19885         0.30497
        6.50        71.25312        19.39435         0.00000        14.00247         0.35006
        7.00        67.95186        20.70769         0.00000        15.94190         0.39855
        7.50        64.58879        21.94822         0.00000        18.01267         0.45032
        8.00        61.19899        23.08832         0.00000        20.20750         0.50519
        8.50        57.81849        24.10228         0.00000        22.51633         0.56291
        9.00        54.48261        24.96767         0.00000        24.92656         0.62316
        9.50        51.22445        25.66664         0.00000        27.42332         0.68558
       10.00        48.07350        26.18676         0.00000        29.98999         0.74975
        0.00       100.00000         5.00000         0.00000         0.00000         0.00000
        0.50        98.73678         5.71597         0.00000         0.53390         0.01335
        1.00        97.31400         6.51402         0.00000         1.14340         0.02858
        1.50        95.71981         7.39737         0.00000         1.83690         0.04592
        2.00        93.94390         8.36747         0.00000         2.62306         0.06558
        2.50        91.97826         9.42342         0.00000         3.51056         0.08776
        3.00        89.81799        10.56144         0.00000         4.50788         0.11270
        3.50        87.46215        11.77433         0.00000         5.62294         0.14057
        4.00        84.91453        13.05110         0.00000         6.86279         0.17157
        4.50        82.18422        14.37678         0.00000         8.23317         0.20583
        5.00        79.28598        15.73246         0.00000         9.73810         0.24345
        5.50        76.24024        17.09571         0.00000        11.37956         0.28449
        6.00        73.07270        18.44127         0.00000        13.15710         0.32893
        6.50        69.81350        19.74216         0.00000        15.06764         0.37669
        7.00        66.49606        20.97095         0.00000        17.10535         0.42763
        7.50        63.15560        22.10120         0.00000        19.26166         0.48154
        8.00        59.82751        23.10891         0.00000        21.52544         0.53814
        8.50        56.54579        23.97379         0.00000        23.88334         0.59708
        9.00        53.34160        24.68024         0.00000        26.32016         0.65800
        9.50        50.24216        25.21795         0.00000        28.81941         0.72049
       10.00        47.26997        25.58210         0.00000        31.36384         0.78410
        0.00       100.00000         5.00000         0.00000         0.00000         0.00000
        0.50        98.64623         5.76305         0.00000         0.57631         0.01441
        1.00        97.11619         6.61505         0.00000         1.23781         0.03095
        1.50        95.39868         7.55788         0.00000         1.99360         0.04984
        2.00        93.48521         8.59080         0.00000         2.85268         0.07132
        2.50        91.37091         9.70983         0.00000         3.82366         0.09559
        3.00        89.05546        10.90729         0.00000         4.91439         0.12286
        3.50        86.54379        12.17139         0.00000         6.13153         0.15329
        4.00        83.84668        13.48617         0.00000         7.48015         0.18700
        4.50        80.98083        14.83177         0.00000         8.96332         0.22408
        5.00        77.96867        16.18497         0.00000        10.58182         0.26455
        5.50        74.83764        17.52017         0.00000        12.33384         0.30835
        6.00        71.61913        18.81060         0.00000        14.21490         0.35537
        6.50        68.34705        20.02964         0.00000        16.21786         0.40545
        7.00        65.05628        21.15230         0.00000        18.33309         0.45833
        7.50        61.78109        22.15645         0.00000        20.54874         0.51372
        8.00        58.55369        23.02390         0.00000        22.85113         0.57128
        8.50        55.40303        23.74110         0.00000        25.22524         0.63063
        9.00        52.35397        24.29947         0.00000        27.65518         0.69138
        9.50        49.42675        24.69541         0.00000        30.12472         0.75312
       10.00        46.63686        24.92998         0.00000        32.61772         0.81544
