         0        100          5          0          0          0 
       0.5    98.8095    5.67798          0        0.5     0.0125 
         1    97.4736    6.43195          0     1.0678  0.0266949 
       1.5    95.9805    7.26578          0    1.71099  0.0427748 
         2    94.3194    8.18212          0    2.43757  0.0609393 
       2.5    92.4808    9.18198          0    3.25578  0.0813946 
         3    90.4575    10.2642          0    4.17398    0.10435 
       3.5    88.2446     11.425          0     5.2004    0.13001 
         4    85.8412    12.6573          0     6.3429   0.158572 
       4.5    83.2503    13.9508          0    7.60863   0.190216 
         5      80.48    15.2912          0    9.00372   0.225093 
       5.5    77.5437    16.6602          0    10.5328   0.263321 
         6      74.46    18.0362          0    12.1989   0.304971 
       6.5    71.2531    19.3943          0    14.0025   0.350062 
         7    67.9519    20.7077          0    15.9419   0.398548 
       7.5    64.5888    21.9482          0    18.0127   0.450317 
         8     61.199    23.0883          0    20.2075   0.505187 
       8.5    57.8185    24.1023          0    22.5163   0.562908 
         9    54.4826    24.9677          0    24.9266   0.623164 
       9.5    51.2245    25.6666          0    27.4233   0.685583 
        10    48.0735    26.1868          0      29.99    0.74975 
         0        100          5          0          0          0 
       0.5    98.7368    5.71597          0   0.533899  0.0133475 
         1     97.314    6.51402          0     1.1434   0.028585 
       1.5    95.7198    7.39737          0     1.8369  0.0459225 
         2    93.9439    8.36747          0    2.62306  0.0655764 
       2.5    91.9783    9.42342          0    3.51056   0.087764 
         3     89.818    10.5614          0    4.50788   0.112697 
       3.5    87.4622    11.7743          0    5.62294   0.140574 
         4    84.9145    13.0511          0    6.86279    0.17157 
       4.5    82.1842    14.3768          0    8.23317   0.205829 
         5     79.286    15.7325          0     9.7381   0.243452 
       5.5    76.2402    17.0957          0    11.3796   0.284489 
         6    73.0727    18.4413          0    13.1571   0.328927 
       6.5    69.8135    19.7422          0    15.0676   0.376691 
         7    66.4961     20.971          0    17.1054   0.427634 
       7.5    63.1556    22.1012          0    19.2617   0.481541 
         8    59.8275    23.1089          0    21.5254   0.538136 
       8.5    56.5458    23.9738          0    23.8833   0.597083 
         9    53.3416    24.6802          0    26.3202   0.658004 
       9.5    50.2422    25.2179          0    28.8194   0.720485 
        10      47.27    25.5821          0    31.3638   0.784096 
         0        100          5          0          0          0 
       0.5    98.6462    5.76305          0   0.576305  0.0144076 
         1    97.1162    6.61505          0    1.23781  0.0309453 
       1.5    95.3987    7.55788          0     1.9936    0.04984 
         2    93.4852     8.5908          0    2.85268   0.071317 
       2.5    91.3709    9.70983          0    3.82366  0.0955915 
         3    89.0555    10.9073          0    4.91439    0.12286 
       3.5    86.5438    12.1714          0    6.13153   0.153288 
         4    83.8467    13.4862          0    7.48015   0.187004 
       4.5    80.9808    14.8318          0    8.96332   0.224083 
         5    77.9687     16.185          0    10.5818   0.264546 
       5.5    74.8376    17.5202          0    12.3338   0.308346 
         6    71.6191    18.8106          0    14.2149   0.355372 
       6.5    68.3471    20.0296          0    16.2179   0.405447 
         7    65.0563    21.1523          0    18.3331   0.458327 
       7.5    61.7811    22.1565          0    20.5487   0.513718 
         8    58.5537    23.0239          0    22.8511   0.571278 
       8.5     55.403    23.7411          0    25.2252   0.630631 
         9     52.354    24.2995          0    27.6552    0.69138 
       9.5    49.4268    24.6954          0    30.1247   0.753118 
        10    46.6369      24.93          0    32.6177   0.815443 
