0 0.01 0.02 0.03 0.04 0.05 
0.01 0.0099999 0.0200511 0.0304871 0.0417229 0.0541372 
0.02 0.0099998 0.0201021 0.03097 0.0434122 0.0581328 
0.03 0.0099997 0.020153 0.0314489 0.045069 0.0619944 
0.04 0.0099996 0.0202038 0.0319237 0.0466943 0.0657294 
0.05 0.0099995 0.0202545 0.0323945 0.0482891 0.0693446 
0.06 0.0099994 0.0203052 0.0328614 0.0498543 0.0728461 
0.07 0.0099993 0.0203557 0.0333245 0.0513909 0.0762398 
0.08 0.0099992 0.0204061 0.0337837 0.0528997 0.079531 
0.09 0.0099991 0.0204564 0.0342391 0.0543814 0.0827248 
0.1 0.009999 0.0205067 0.0346909 0.055837 0.0858259 
0.11 0.0099989 0.0205568 0.035139 0.0572672 0.0888386 
0.12 0.0099988 0.0206068 0.0355834 0.0586726 0.091767 
0.13 0.0099987 0.0206568 0.0360243 0.0600541 0.0946151 
0.14 0.0099986 0.0207066 0.0364617 0.0614123 0.0973862 
0.15 0.0099985 0.0207564 0.0368956 0.0627477 0.100084 
0.16 0.0099984 0.0208061 0.0373261 0.0640611 0.102711 
0.17 0.0099983 0.0208556 0.0377532 0.0653531 0.105272 
0.18 0.0099982 0.0209051 0.0381769 0.0666241 0.107767 
0.19 0.0099981 0.0209545 0.0385974 0.0678749 0.110201 
0.2 0.009998 0.0210038 0.0390146 0.0691058 0.112576 
0.21 0.0099979 0.021053 0.0394286 0.0703175 0.114893 
0.22 0.0099978 0.0211021 0.0398395 0.0715104 0.117156 
0.23 0.0099977 0.0211512 0.0402472 0.072685 0.119366 
0.24 0.0099976 0.0212001 0.0406518 0.0738417 0.121526 
0.25 0.0099975 0.0212489 0.0410533 0.0749811 0.123636 
0.26 0.0099974 0.0212977 0.0414519 0.0761034 0.1257 
0.27 0.0099973 0.0213463 0.0418475 0.0772093 0.127719 
0.28 0.0099972 0.0213949 0.0422401 0.078299 0.129694 
0.29 0.0099971 0.0214434 0.0426298 0.0793729 0.131627 
0.3 0.009997 0.0214918 0.0430167 0.0804314 0.133519 
0.31 0.0099969 0.0215401 0.0434007 0.081475 0.135372 
0.32 0.0099968 0.0215883 0.043782 0.0825038 0.137187 
0.33 0.0099967 0.0216364 0.0441604 0.0835184 0.138966 
0.34 0.0099966 0.0216844 0.0445362 0.0845189 0.140709 
0.35 0.0099965 0.0217324 0.0449092 0.0855057 0.142418 
0.36 0.0099964 0.0217802 0.0452796 0.0864792 0.144094 
0.37 0.0099963 0.021828 0.0456473 0.0874396 0.145738 
0.38 0.0099962 0.0218757 0.0460125 0.0883872 0.147351 
0.39 0.0099961 0.0219233 0.046375 0.0893223 0.148933 
0.4 0.009996 0.0219708 0.0467351 0.0902451 0.150487 
0.41 0.0099959 0.0220182 0.0470926 0.091156 0.152012 
0.42 0.0099958 0.0220655 0.0474476 0.0920552 0.153509 
0.43 0.0099957 0.0221128 0.0478002 0.0929429 0.15498 
0.44 0.0099956 0.02216 0.0481503 0.0938194 0.156425 
0.45 0.0099955 0.022207 0.048498 0.0946849 0.157845 
0.46 0.0099954 0.022254 0.0488434 0.0955396 0.159241 
0.47 0.0099953 0.0223009 0.0491864 0.0963838 0.160613 
0.48 0.0099952 0.0223478 0.0495271 0.0972176 0.161962 
0.49 0.0099951 0.0223945 0.0498655 0.0980414 0.163288 
0.5 0.009995 0.0224412 0.0502017 0.0988552 0.164592 
0.51 0.0099949 0.0224877 0.0505356 0.0996593 0.165876 
0.52 0.0099948 0.0225342 0.0508673 0.100454 0.167139 
0.53 0.0099947 0.0225806 0.0511968 0.101239 0.168381 
0.54 0.0099946 0.0226269 0.0515241 0.102015 0.169604 
0.55 0.0099945 0.0226732 0.0518492 0.102782 0.170808 
0.56 0.0099944 0.0227193 0.0521723 0.10354 0.171993 
0.57 0.0099943 0.0227654 0.0524932 0.10429 0.173161 
0.58 0.00999421 0.0228114 0.0528121 0.105031 0.17431 
0.59 0.00999411 0.0228573 0.0531289 0.105764 0.175442 
0.6 0.00999401 0.0229031 0.0534437 0.106489 0.176558 
0.61 0.00999391 0.0229489 0.0537565 0.107205 0.177657 
0.62 0.00999381 0.0229945 0.0540673 0.107914 0.17874 
0.63 0.00999371 0.0230401 0.0543761 0.108615 0.179808 
0.64 0.00999361 0.0230856 0.0546829 0.109308 0.18086 
0.65 0.00999351 0.023131 0.0549879 0.109994 0.181898 
0.66 0.00999341 0.0231764 0.0552909 0.110673 0.182921 
0.67 0.00999331 0.0232216 0.0555921 0.111344 0.18393 
0.68 0.00999321 0.0232668 0.0558913 0.112009 0.184924 
0.69 0.00999311 0.0233119 0.0561888 0.112666 0.185906 
0.7 0.00999301 0.0233569 0.0564844 0.113317 0.186874 
0.71 0.00999291 0.0234019 0.0567781 0.113961 0.187829 
0.72 0.00999281 0.0234467 0.0570701 0.114598 0.188771 
0.73 0.00999271 0.0234915 0.0573603 0.115229 0.189701 
0.74 0.00999261 0.0235362 0.0576488 0.115853 0.190619 
0.75 0.00999251 0.0235809 0.0579355 0.116472 0.191525 
0.76 0.00999241 0.0236254 0.0582205 0.117084 0.19242 
0.77 0.00999231 0.0236699 0.0585038 0.117689 0.193303 
0.78 0.00999221 0.0237143 0.0587854 0.118289 0.194175 
0.79 0.00999211 0.0237586 0.0590653 0.118884 0.195036 
0.8 0.00999201 0.0238028 0.0593436 0.119472 0.195886 
0.81 0.00999191 0.023847 0.0596203 0.120055 0.196726 
0.82 0.00999181 0.0238911 0.0598953 0.120632 0.197556 
0.83 0.00999171 0.0239351 0.0601687 0.121203 0.198376 
0.84 0.00999161 0.023979 0.0604405 0.121769 0.199185 
0.85 0.00999151 0.0240229 0.0607108 0.12233 0.199986 
0.86 0.00999141 0.0240667 0.0609794 0.122886 0.200776 
0.87 0.00999131 0.0241104 0.0612466 0.123436 0.201558 
0.88 0.00999121 0.024154 0.0615122 0.123982 0.20233 
0.89 0.00999111 0.0241976 0.0617763 0.124522 0.203094 
0.9 0.00999101 0.024241 0.0620388 0.125057 0.203848 
0.91 0.00999091 0.0242845 0.0622999 0.125588 0.204594 
0.92 0.00999081 0.0243278 0.0625596 0.126114 0.205332 
0.93 0.00999071 0.024371 0.0628177 0.126635 0.206062 
0.94 0.00999061 0.0244142 0.0630744 0.127151 0.206783 
0.95 0.00999051 0.0244573 0.0633297 0.127663 0.207496 
0.96 0.00999041 0.0245004 0.0635836 0.12817 0.208202 
0.97 0.00999031 0.0245433 0.063836 0.128673 0.2089 
0.98 0.00999021 0.0245862 0.0640871 0.129172 0.20959 
0.99 0.00999011 0.024629 0.0643368 0.129666 0.210273 
1 0.00999002 0.0246718 0.0645851 0.130156 0.210949 
1.01 0.00998992 0.0247145 0.0648321 0.130642 0.211617 
1.02 0.00998982 0.0247571 0.0650777 0.131123 0.212279 
1.03 0.00998972 0.0247996 0.065322 0.131601 0.212933 
1.04 0.00998962 0.024842 0.0655649 0.132074 0.213581 
1.05 0.00998952 0.0248844 0.0658066 0.132544 0.214222 
1.06 0.00998942 0.0249267 0.0660469 0.13301 0.214857 
1.07 0.00998932 0.024969 0.066286 0.133471 0.215485 
1.08 0.00998922 0.0250111 0.0665238 0.133929 0.216107 
1.09 0.00998912 0.0250532 0.0667603 0.134384 0.216723 
1.1 0.00998902 0.0250953 0.0669956 0.134834 0.217332 
1.11 0.00998892 0.0251372 0.0672297 0.135281 0.217936 
1.12 0.00998882 0.0251791 0.0674625 0.135725 0.218533 
1.13 0.00998872 0.0252209 0.0676941 0.136164 0.219125 
1.14 0.00998862 0.0252627 0.0679245 0.136601 0.219711 
1.15 0.00998852 0.0253043 0.0681537 0.137033 0.220291 
1.16 0.00998842 0.025346 0.0683817 0.137463 0.220866 
1.17 0.00998832 0.0253875 0.0686085 0.137889 0.221436 
1.18 0.00998822 0.025429 0.0688342 0.138312 0.222 
1.19 0.00998812 0.0254704 0.0690587 0.138731 0.222558 
1.2 0.00998802 0.0255117 0.069282 0.139147 0.223112 
1.21 0.00998792 0.0255529 0.0695043 0.13956 0.22366 
1.22 0.00998782 0.0255941 0.0697254 0.13997 0.224203 
1.23 0.00998772 0.0256353 0.0699453 0.140377 0.224742 
1.24 0.00998762 0.0256763 0.0701642 0.14078 0.225275 
1.25 0.00998752 0.0257173 0.070382 0.141181 0.225804 
1.26 0.00998742 0.0257582 0.0705987 0.141578 0.226328 
1.27 0.00998732 0.0257991 0.0708143 0.141973 0.226847 
1.28 0.00998722 0.0258399 0.0710288 0.142365 0.227361 
1.29 0.00998713 0.0258806 0.0712422 0.142754 0.227871 
1.3 0.00998703 0.0259212 0.0714547 0.14314 0.228377 
1.31 0.00998693 0.0259618 0.071666 0.143523 0.228878 
1.32 0.00998683 0.0260023 0.0718763 0.143903 0.229375 
1.33 0.00998673 0.0260428 0.0720856 0.144281 0.229867 
1.34 0.00998663 0.0260832 0.0722939 0.144656 0.230355 
1.35 0.00998653 0.0261235 0.0725012 0.145028 0.230839 
1.36 0.00998643 0.0261638 0.0727074 0.145397 0.231319 
1.37 0.00998633 0.0262039 0.0729127 0.145764 0.231795 
1.38 0.00998623 0.0262441 0.073117 0.146128 0.232267 
1.39 0.00998613 0.0262841 0.0733202 0.14649 0.232735 
1.4 0.00998603 0.0263241 0.0735226 0.146849 0.233199 
1.41 0.00998593 0.026364 0.0737239 0.147206 0.233659 
1.42 0.00998583 0.0264039 0.0739243 0.14756 0.234116 
1.43 0.00998573 0.0264437 0.0741238 0.147912 0.234569 
1.44 0.00998563 0.0264834 0.0743223 0.148262 0.235018 
1.45 0.00998553 0.0265231 0.0745198 0.148609 0.235463 
1.46 0.00998543 0.0265627 0.0747165 0.148953 0.235905 
1.47 0.00998533 0.0266023 0.0749122 0.149295 0.236343 
1.48 0.00998523 0.0266417 0.075107 0.149635 0.236778 
1.49 0.00998513 0.0266811 0.0753009 0.149973 0.23721 
1.5 0.00998503 0.0267205 0.0754939 0.150309 0.237638