0 100 5 0 0 0 
1 97.4997 5.33832 0.886028 1.24487 0.0311217 
2 94.9049 5.64629 1.67244 2.70861 0.0677154 
3 92.2454 5.91162 2.36909 4.36476 0.109119 
4 89.5537 6.12336 2.98238 6.1859 0.154648 
5 86.8637 6.27283 3.51614 8.1437 0.203592 
6 84.2088 6.35428 3.97261 10.2091 0.255227 
7 81.6199 6.36526 4.35324 12.3528 0.308819 
8 79.1243 6.30668 4.6594 14.546 0.36365 
9 76.7445 6.18256 4.89288 16.7611 0.419027 
10 74.4978 5.99943 5.05623 18.9722 0.474305 
11 72.3964 5.76573 5.15301 21.156 0.528899 
12 70.4473 5.49101 5.18773 23.2917 0.582293 
13 68.653 5.18525 5.16579 25.3619 0.634048 
14 67.0124 4.85823 5.09331 27.3522 0.683806 
15 65.5214 4.51904 4.97686 29.2514 0.731285 
16 64.1734 4.1758 4.82325 31.0512 0.77628 
17 62.9605 3.83541 4.63928 32.7462 0.818654 
18 61.8735 3.50351 4.43152 34.3332 0.858329 
19 60.9028 3.1845 4.20616 35.8113 0.895282 
20 60.0386 2.88161 3.96887 37.1814 0.929535 
21 59.2714 2.59705 3.72471 38.4457 0.961144 
22 58.5918 2.33214 3.47812 39.6078 0.990195 
23 57.991 2.08748 3.23288 40.6719 1.0168 
24 57.4608 1.86307 2.99211 41.6429 1.04107 
25 56.9937 1.6585 2.75835 42.5263 1.06316 
26 56.5827 1.47298 2.53356 43.3276 1.08319 
27 56.2214 1.30553 2.31923 44.0525 1.10131 
28 55.9042 1.155 2.11637 44.7068 1.11767 
29 55.6258 1.02016 1.92565 45.296 1.1324 
30 55.3818 0.89977 1.74739 45.8254 1.14563 
31 55.168 0.792569 1.58166 46.3002 1.15751 
32 54.9808 0.697347 1.42832 46.7254 1.16813 
33 54.817 0.612949 1.28706 47.1054 1.17763 
34 54.6736 0.538286 1.15745 47.4445 1.18611 
35 54.5483 0.472345 1.03893 47.7468 1.19367 
36 54.4387 0.414193 0.930931 48.0158 1.2004 
37 54.3429 0.362977 0.832802 48.255 1.20637 
38 54.2592 0.317922 0.743889 48.4673 1.21168 
39 54.1861 0.278325 0.66353 48.6557 1.21639 
40 54.1222 0.243557 0.591072 48.8226 1.22057 
41 54.0664 0.213053 0.525878 48.9704 1.22426 
42 54.0177 0.186308 0.467336 49.1011 1.22753 
43 53.9752 0.162873 0.414863 49.2167 1.23042 
44 53.938 0.14235 0.367911 49.3187 1.23297 
45 53.9056 0.124385 0.325965 49.4088 1.23522 
46 53.8773 0.108665 0.288546 49.4882 1.23721 
47 53.8526 0.094916 0.255211 49.5583 1.23896 
48 53.8311 0.0828938 0.225552 49.62 1.2405 
49 53.8123 0.0723846 0.199194 49.6743 1.24186 
50 53.7959 0.0632003 0.175796 49.7221 1.24305 
51 53.7816 0.0551757 0.155047 49.7641 1.2441 
52 53.7691 0.0481655 0.136664 49.8011 1.24503 
53 53.7582 0.0420427 0.120392 49.8336 1.24584 
54 53.7486 0.0366956 0.106001 49.8621 1.24655 
55 53.7403 0.0320266 0.0932831 49.8872 1.24718 
56 53.7331 0.0279502 0.0820524 49.9092 1.24773 
57 53.7268 0.0243915 0.0721416 49.9285 1.24821 
58 53.7213 0.021285 0.0634014 49.9454 1.24864 
59 53.7164 0.0185735 0.055698 49.9603 1.24901 
60 53.7122 0.0162069 0.0489123 49.9733 1.24933 
61 53.7086 0.0141414 0.0429383 49.9847 1.24962 
62 53.7054 0.0123389 0.0376814 49.9947 1.24987 
63 53.7026 0.0107659 0.0330577 50.0035 1.25009 
64 53.7002 0.00939324 0.0289928 50.0112 1.25028 
65 53.6981 0.00819547 0.0254207 50.0179 1.25045 
66 53.6962 0.00715034 0.0222828 50.0238 1.25059 
67 53.6946 0.0062384 0.0195273 50.0289 1.25072 
68 53.6932 0.00544272 0.0171086 50.0334 1.25084 
69 53.6919 0.00474847 0.0149862 50.0374 1.25093 
70 53.6909 0.00414275 0.0131242 50.0408 1.25102 
71 53.6899 0.00361426 0.0114914 50.0439 1.2511 
72 53.6891 0.00315318 0.0100597 50.0465 1.25116 
73 53.6884 0.0027509 0.00880492 50.0488 1.25122 
74 53.6878 0.00239993 0.00770531 50.0508 1.25127 
75 53.6873 0.00209373 0.00674196 50.0526 1.25131 
76 53.6868 0.00182659 0.00589815 50.0541 1.25135 
77 53.6864 0.00159353 0.00515922 50.0555 1.25139 
78 53.686 0.0013902 0.00451225 50.0567 1.25142 
79 53.6857 0.00121281 0.0039459 50.0577 1.25144 
80 53.6854 0.00105806 0.00345022 50.0586 1.25147 
81 53.6852 0.00092305 0.00301646 50.0594 1.25148 
82 53.685 0.000805266 0.00263694 50.0601 1.2515 
83 53.6848 0.000702511 0.00230493 50.0607 1.25152 
84 53.6846 0.000612867 0.00201452 50.0612 1.25153 
85 53.6845 0.000534661 0.00176054 50.0617 1.25154 
86 53.6844 0.000466435 0.00153845 50.0621 1.25155 
87 53.6843 0.000406914 0.00134426 50.0624 1.25156 
88 53.6842 0.000354988 0.00117449 50.0627 1.25157 
89 53.6841 0.000309689 0.00102608 50.063 1.25157 
90 53.684 0.000270169 0.000896359 50.0632 1.25158 
91 53.684 0.000235693 0.000782986 50.0634 1.25159 
92 53.6839 0.000205616 0.000683908 50.0636 1.25159 
93 53.6839 0.000179377 0.00059733 50.0638 1.25159 
94 53.6838 0.000156487 0.000521683 50.0639 1.2516 
95 53.6838 0.000136517 0.00045559 50.064 1.2516 
96 53.6838 0.000119096 0.00039785 50.0641 1.2516 
97 53.6837 0.000103898 0.000347411 50.0642 1.25161 
98 53.6837 9.06396e-05 0.000303352 50.0643 1.25161 
99 53.6837 7.90729e-05 0.000264868 50.0644 1.25161 
100 53.6837 6.89822e-05 0.000231257 50.0644 1.25161 
