0 100 5 0 0 0 
1 97.619 6.35595 0 1 0.025 
2 94.6638 8.00827 0 2.27119 0.0567798 
3 91.0518 9.97849 0 3.87284 0.0968211 
4 86.7214 12.2634 0 5.86854 0.146714 
5 81.65 14.8207 0 8.32122 0.20803 
6 75.8761 17.5564 0 11.2854 0.282134 
7 69.5157 20.3178 0 14.7966 0.369916 
8 62.7662 22.9021 0 18.8602 0.471505 
9 55.8901 25.0832 0 23.4406 0.586015 
10 49.1769 26.6544 0 28.4573 0.711432 
11 42.8925 27.4746 0 33.7881 0.844703 
12 37.2353 27.4995 0 39.2831 0.982077 
13 32.3133 26.7841 0 44.783 1.11957 
14 28.1476 25.4592 0 50.1398 1.25349 
15 24.6939 23.6937 0 55.2316 1.38079 
16 21.8706 21.6598 0 59.9704 1.49926 
17 19.5822 19.508 0 64.3023 1.60756 
18 17.7348 17.3562 0 68.2039 1.7051 
19 16.2448 15.2881 0 71.6751 1.79188 
20 15.0417 13.3572 0 74.7328 1.86832 
21 14.0676 11.5931 0 77.4042 1.93511 
22 13.2764 10.0077 0 79.7228 1.99307 
23 12.6315 8.60104 0 81.7244 2.04311 
24 12.1039 7.36544 0 83.4446 2.08611 
25 11.6707 6.28866 0 84.9177 2.12294 
26 11.314 5.35619 0 86.1754 2.15438 
27 11.0194 4.55279 0 87.2466 2.18117 
28 10.7754 3.86343 0 88.1572 2.20393 
29 10.573 3.27392 0 88.9299 2.22325 
30 10.4046 2.77116 0 89.5847 2.23962 
31 10.2643 2.34337 0 90.1389 2.25347 
32 10.1472 1.98003 0 90.6076 2.26519 
33 10.0494 1.67191 0 91.0036 2.27509 
34 9.96765 1.41095 0 91.338 2.28345 
35 9.8992 1.19016 0 91.6201 2.2905 
36 9.84184 1.00353 0 91.8582 2.29645 
37 9.79376 0.845891 0 92.0589 2.30147 
38 9.75342 0.712817 0 92.2281 2.3057 
39 9.71957 0.60054 0 92.3706 2.30927 
40 9.69115 0.505849 0 92.4907 2.31227 
41 9.66728 0.42602 0 92.5919 2.3148 
42 9.64723 0.35874 0 92.6771 2.31693 
43 9.63038 0.30205 0 92.7489 2.31872 
44 9.61621 0.254294 0 92.8093 2.32023 
45 9.60431 0.214072 0 92.8601 2.3215 
46 9.59429 0.180199 0 92.9029 2.32257 
47 9.58588 0.151677 0 92.939 2.32347 
48 9.5788 0.127664 0 92.9693 2.32423 
49 9.57284 0.107447 0 92.9948 2.32487 
50 9.56783 0.0904296 0 93.0163 2.32541 
51 9.56362 0.076105 0 93.0344 2.32586 
52 9.56007 0.0640478 0 93.0496 2.32624 
53 9.55709 0.0538998 0 93.0624 2.32656 
54 9.55458 0.0453589 0 93.0732 2.32683 
55 9.55247 0.0381709 0 93.0823 2.32706 
56 9.5507 0.0321215 0 93.0899 2.32725 
57 9.5492 0.0270306 0 93.0964 2.32741 
58 9.54795 0.0227463 0 93.1018 2.32754 
59 9.54689 0.019141 0 93.1063 2.32766 
60 9.546 0.016107 0 93.1101 2.32775 
61 9.54525 0.0135538 0 93.1134 2.32783 
62 9.54462 0.0114053 0 93.1161 2.3279 
63 9.54409 0.00959736 0 93.1184 2.32796 
64 9.54364 0.00807597 0 93.1203 2.32801 
65 9.54327 0.00679574 0 93.1219 2.32805 
66 9.54295 0.00571844 0 93.1232 2.32808 
67 9.54269 0.00481191 0 93.1244 2.32811 
68 9.54246 0.00404909 0 93.1254 2.32813 
69 9.54227 0.00340719 0 93.1262 2.32815 
70 9.54212 0.00286705 0 93.1268 2.32817 
71 9.54198 0.00241253 0 93.1274 2.32819 
72 9.54187 0.00203007 0 93.1279 2.3282 
73 9.54178 0.00170824 0 93.1283 2.32821 
74 9.5417 0.00143743 0 93.1286 2.32822 
75 9.54163 0.00120955 0 93.1289 2.32822 
76 9.54157 0.00101779 0 93.1292 2.32823 
77 9.54153 0.000856439 0 93.1294 2.32823 
78 9.54149 0.000720664 0 93.1296 2.32824 
79 9.54145 0.000606415 0 93.1297 2.32824 
80 9.54143 0.000510277 0 93.1298 2.32825 
81 9.5414 0.000429381 0 93.1299 2.32825 
82 9.54138 0.000361309 0 93.13 2.32825 
83 9.54137 0.000304029 0 93.1301 2.32825 
84 9.54135 0.00025583 0 93.1301 2.32825 
85 9.54134 0.000215272 0 93.1302 2.32825 
86 9.54133 0.000181144 0 93.1302 2.32826 
87 9.54132 0.000152426 0 93.1303 2.32826 
88 9.54131 0.000128261 0 93.1303 2.32826 
89 9.54131 0.000107928 0 93.1303 2.32826 
90 9.5413 9.08173e-05 0 93.1303 2.32826 
91 9.5413 7.64195e-05 0 93.1304 2.32826 
92 9.54129 6.43044e-05 0 93.1304 2.32826 
93 9.54129 5.41099e-05 0 93.1304 2.32826 
94 9.54129 4.55316e-05 0 93.1304 2.32826 
95 9.54129 3.83132e-05 0 93.1304 2.32826 
96 9.54129 3.22392e-05 0 93.1304 2.32826 
97 9.54128 2.71282e-05 0 93.1304 2.32826 
98 9.54128 2.28274e-05 0 93.1304 2.32826 
99 9.54128 1.92085e-05 0 93.1304 2.32826 
100 9.54128 1.61633e-05 0 93.1304 2.32826 
