0 100 5 0 0 0 
1 98.3587 2.85336 2.62393 1.1356 0.0283899 
2 97.4141 1.62948 3.64411 2.25588 0.0563969 
3 96.8753 0.929713 3.83216 3.28083 0.0820209 
4 96.5695 0.529617 3.61624 4.18014 0.104504 
5 96.3966 0.301169 3.22897 4.94957 0.123739 
6 96.2989 0.170972 2.79265 5.59751 0.139938 
7 96.2439 0.0969133 2.36822 6.13755 0.153439 
8 96.2129 0.0548624 1.98307 6.58459 0.164615 
9 96.1954 0.0310234 1.64679 6.95296 0.173824 
10 96.1856 0.017527 1.35994 7.25558 0.181389 
11 96.18 0.00989454 1.11884 7.50365 0.187591 
12 96.1769 0.00558232 0.918123 7.70672 0.192668 
13 96.1752 0.00314785 0.752096 7.87278 0.196819 
14 96.1742 0.00177432 0.615352 8.00849 0.200212 
15 96.1736 0.000999776 0.503054 8.11935 0.202984 
16 96.1733 0.000563188 0.411016 8.20987 0.205247 
17 96.1731 0.00031718 0.335686 8.28378 0.207094 
18 96.173 0.000178599 0.274088 8.3441 0.208603 
19 96.173 0.000100551 0.223752 8.39334 0.209834 
20 96.1729 5.66031e-05 0.182636 8.43353 0.210838 
21 96.1729 3.18604e-05 0.149063 8.46632 0.211658 
22 96.1729 1.79319e-05 0.121654 8.49309 0.212327 
23 96.1729 1.00919e-05 0.0992802 8.51493 0.212873 
24 96.1729 5.67933e-06 0.0810191 8.53275 0.213319 
25 96.1729 3.19596e-06 0.0661155 8.5473 0.213682 
26 96.1729 1.79841e-06 0.0539527 8.55916 0.213979 
27 96.1729 1.01196e-06 0.044027 8.56885 0.214221 
28 96.1729 5.69417e-07 0.0359271 8.57675 0.214419 
29 96.1729 3.20396e-07 0.0293173 8.5832 0.21458 
30 96.1729 1.80276e-07 0.0239234 8.58846 0.214712 
31 96.1729 1.01433e-07 0.0195219 8.59276 0.214819 
32 96.1729 5.70717e-08 0.0159302 8.59626 0.214907 
33 96.1729 3.21112e-08 0.0129993 8.59912 0.214978 
34 96.1729 1.80671e-08 0.0106076 8.60146 0.215036 
35 96.1729 1.01653e-08 0.00865592 8.60336 0.215084 
36 96.1729 5.71936e-09 0.00706335 8.60491 0.215123 
37 96.1729 3.21791e-09 0.00576378 8.60618 0.215155 
38 96.1729 1.8105e-09 0.00470332 8.60722 0.21518 
39 96.1729 1.01865e-09 0.00383797 8.60806 0.215201 
40 96.1729 5.73121e-10 0.00313183 8.60875 0.215219 
41 96.1729 3.22455e-10 0.00255561 8.60931 0.215233 
42 96.1729 1.81422e-10 0.00208541 8.60977 0.215244 
43 96.1729 1.02073e-10 0.00170172 8.61014 0.215254 
44 96.1729 5.74292e-11 0.00138863 8.61045 0.215261 
45 96.1729 3.23112e-11 0.00113314 8.6107 0.215267 
46 96.1729 1.81792e-11 0.000924654 8.6109 0.215273 
47 96.1729 1.02281e-11 0.000754529 8.61107 0.215277 
48 96.1729 5.75459e-12 0.000615705 8.6112 0.21528 
49 96.1729 3.23768e-12 0.000502423 8.61131 0.215283 
50 96.1729 1.8216e-12 0.000409984 8.6114 0.215285 
51 96.1729 1.02488e-12 0.000334552 8.61148 0.215287 
52 96.1729 5.76624e-13 0.000272998 8.61154 0.215288 
53 96.1729 3.24423e-13 0.00022277 8.61159 0.21529 
54 96.1729 1.82529e-13 0.000181783 8.61163 0.215291 
55 96.1729 1.02695e-13 0.000148337 8.61166 0.215291 
56 96.1729 5.7779e-14 0.000121045 8.61169 0.215292 
57 96.1729 3.25079e-14 9.87744e-05 8.61171 0.215293 
58 96.1729 1.82898e-14 8.06011e-05 8.61173 0.215293 
59 96.1729 1.02903e-14 6.57715e-05 8.61174 0.215294 
60 96.1729 5.78958e-15 5.36704e-05 8.61175 0.215294 
61 96.1729 3.25736e-15 4.37957e-05 8.61176 0.215294 
62 96.1729 1.83267e-15 3.57378e-05 8.61177 0.215294 
63 96.1729 1.03111e-15 2.91625e-05 8.61178 0.215294 
64 96.1729 5.80128e-16 2.3797e-05 8.61178 0.215295 
65 96.1729 3.26394e-16 1.94186e-05 8.61179 0.215295 
66 96.1729 1.83638e-16 1.58459e-05 8.61179 0.215295 
67 96.1729 1.03319e-16 1.29304e-05 8.61179 0.215295 
68 96.1729 5.813e-17 1.05514e-05 8.61179 0.215295 
69 96.1729 3.27054e-17 8.61006e-06 8.6118 0.215295 
70 96.1729 1.84009e-17 7.02591e-06 8.6118 0.215295 
71 96.1729 1.03528e-17 5.73323e-06 8.6118 0.215295 
72 96.1729 5.82474e-18 4.67839e-06 8.6118 0.215295 
73 96.1729 3.27715e-18 3.81762e-06 8.6118 0.215295 
74 96.1729 1.8438e-18 3.11523e-06 8.6118 0.215295 
75 96.1729 1.03737e-18 2.54207e-06 8.6118 0.215295 
76 96.1729 5.83651e-19 2.07436e-06 8.6118 0.215295 
77 96.1729 3.28377e-19 1.6927e-06 8.6118 0.215295 
78 96.1729 1.84753e-19 1.38127e-06 8.6118 0.215295 
79 96.1729 1.03947e-19 1.12713e-06 8.6118 0.215295 
80 96.1729 5.8483e-20 9.19752e-07 8.6118 0.215295 
81 96.1729 3.2904e-20 7.50529e-07 8.6118 0.215295 
82 96.1729 1.85126e-20 6.12441e-07 8.6118 0.215295 
83 96.1729 1.04157e-20 4.9976e-07 8.6118 0.215295 
84 96.1729 5.86012e-21 4.0781e-07 8.6118 0.215295 
85 96.1729 3.29705e-21 3.32778e-07 8.6118 0.215295 
86 96.1729 1.855e-21 2.71551e-07 8.6118 0.215295 
87 96.1729 1.04367e-21 2.21589e-07 8.6118 0.215295 
88 96.1729 5.87196e-22 1.8082e-07 8.6118 0.215295 
89 96.1729 3.30371e-22 1.47551e-07 8.6118 0.215295 
90 96.1729 1.85875e-22 1.20403e-07 8.6118 0.215295 
91 96.1729 1.04578e-22 9.82507e-08 8.6118 0.215295 
92 96.1729 5.88382e-23 8.01738e-08 8.6118 0.215295 
93 96.1729 3.31038e-23 6.54229e-08 8.6118 0.215295 
94 96.1729 1.86251e-23 5.33859e-08 8.6118 0.215295 
95 96.1729 1.04789e-23 4.35635e-08 8.6118 0.215295 
96 96.1729 5.89571e-24 3.55484e-08 8.6118 0.215295 
97 96.1729 3.31707e-24 2.90079e-08 8.6118 0.215295 
98 96.1729 1.86627e-24 2.36708e-08 8.6118 0.215295 
99 96.1729 1.05001e-24 1.93157e-08 8.6118 0.215295 
100 96.1729 5.90762e-25 1.57618e-08 8.6118 0.215295 
